Arguments: 
  C:\Program Files\nodejs\node.exe C:\Users\Admin\AppData\Roaming\npm\node_modules\yarn\bin\yarn.js add moment

PATH: 
  C:\Program Files (x86)\VMware\VMware Workstation\bin\;C:\Python27;C:\Python311\Scripts\;C:\Python311\;C:\WINDOWS\system32;C:\WINDOWS;C:\WINDOWS\System32\Wbem;C:\WINDOWS\System32\WindowsPowerShell\v1.0\;C:\WINDOWS\System32\OpenSSH\;C:\Program Files\PuTTY\;C:\ProgramData\chocolatey\bin;C:\Program Files\Git\cmd;C:\Program Files\nodejs\;C:\Program Files\MATLAB\MATLAB Runtime\R2022b\runtime\win64;C:\Program Files\dotnet\;C:\Program Files\Microsoft SQL Server\130\Tools\Binn\;C:\Program Files\MySQL\MySQL Shell 8.0\bin\;C:\Users\Admin\AppData\Local\Microsoft\WindowsApps;C:\Users\Admin\AppData\Roaming\npm;C:\Users\Admin\AppData\Local\Programs\Microsoft VS Code\bin;C:\Users\Admin\AppData\Local\Programs\EmEditor

Yarn version: 
  1.22.19

Node version: 
  16.14.2

Platform: 
  win32 x64

Trace: 
  Error: connect ECONNREFUSED 104.16.24.34:443
      at TCPConnectWrap.afterConnect [as oncomplete] (node:net:1157:16)

npm manifest: 
  {
    "name": "react-spa-template",
    "version": "0.1.0",
    "description": "React Single Page App template without CRA",
    "main": "src/index.js",
    "hompage": "https://ofnullable.github.io/react-spa-template",
    "repository": "https://github.com/ofnullable/react-spa-template",
    "author": "ofnullable <ofnullable@gmail.com>",
    "license": "MIT",
    "engines": {
      "node": ">=10",
      "npm": ">=6"
    },
    "bugs": {
      "url": "http://github.com/ofnullable/react-spa-template/issues",
      "email": "ofnullable@gmail.com"
    },
    "scripts": {
      "start": "NODE_ENV=development webpack serve --progress",
      "build": "NODE_ENV=production webpack",
      "predeploy": "npm run build",
      "deploy": "gh-pages -d dist",
      "lint": "eslint src"
    },
    "dependencies": {
      "@emotion/react": "^11.8.2",
      "react": "^17.0.2",
      "react-dom": "^17.0.2",
      "react-modal": "^3.15.1",
      "react-notifications": "^1.7.3",
      "react-router-dom": "^6.2.2"
    },
    "devDependencies": {
      "@babel/core": "^7.17.8",
      "@babel/eslint-parser": "^7.17.0",
      "@babel/eslint-plugin": "^7.17.7",
      "@babel/plugin-transform-react-jsx": "^7.17.3",
      "@babel/preset-env": "^7.16.11",
      "@babel/preset-react": "^7.16.7",
      "@emotion/babel-plugin": "^11.7.2",
      "@svgr/webpack": "^6.2.1",
      "babel-loader": "^8.2.4",
      "clean-webpack-plugin": "^4.0.0",
      "cross-env": "^7.0.3",
      "css-loader": "^6.7.1",
      "cssnano": "^5.1.5",
      "eslint": "^8.11.0",
      "eslint-config-prettier": "^8.5.0",
      "eslint-plugin-prettier": "^4.0.0",
      "eslint-plugin-react": "^7.29.4",
      "eslint-plugin-react-hooks": "^4.3.0",
      "file-loader": "^6.2.0",
      "gh-pages": "^3.2.3",
      "html-loader": "^3.1.0",
      "html-webpack-plugin": "^5.5.0",
      "mini-css-extract-plugin": "^2.6.0",
      "node-sass": "^7.0.1",
      "normalize.css": "^8.0.1",
      "postcss": "^8.4.12",
      "postcss-flexbugs-fixes": "^5.0.2",
      "postcss-import": "^14.1.0",
      "postcss-loader": "^6.2.1",
      "postcss-preset-env": "^7.4.3",
      "prettier": "^2.6.0",
      "reset-css": "^5.0.1",
      "sass-loader": "^12.6.0",
      "style-loader": "^3.3.1",
      "terser-webpack-plugin": "^5.3.1",
      "url-loader": "^4.1.1",
      "webpack": "^5.70.0",
      "webpack-cli": "^4.9.2",
      "webpack-dev-server": "^4.7.4"
    },
    "browserslist": {
      "production": [
        ">0.02%",
        "not dead",
        "not op_mini all",
        "last 3 version"
      ],
      "development": [
        "last 1 chrome version",
        "last 1 firefox version",
        "last 1 safari version"
      ]
    }
  }

yarn manifest: 
  No manifest

Lockfile: 
  No lockfile
